Vivado Simulator 2019.1
Time resolution is 1 ps
### SIMULATION STARTED ###
UDM WR32: addr: 0x00000008, data: 0x3f800000
UDM WR32: addr: 0x0000000c, data: 0x40200000
Stopped at time : 3795 ns : File "C:/Users/mamon/Documents/ITMO/HDL/activecore/designs/rtl/udm/tb/tb.sv" Line 124
UDM RD32: addr: 0x00000010, data: 0x40600000
UDM WR32: addr: 0x00000008, data: 0xbf800000
UDM WR32: addr: 0x0000000c, data: 0x40200000
Stopped at time : 4575 ns : File "C:/Users/mamon/Documents/ITMO/HDL/activecore/designs/rtl/udm/tb/tb.sv" Line 128
Stopped at time : 5075 ns : File "C:/Users/mamon/Documents/ITMO/HDL/activecore/designs/rtl/udm/tb/tb.sv" Line 129
UDM RD32: addr: 0x00000010, data: 0x3fc00000
UDM WR32: addr: 0x00000008, data: 0x3f800000
UDM WR32: addr: 0x0000000c, data: 0xc0200000
Stopped at time : 6355 ns : File "C:/Users/mamon/Documents/ITMO/HDL/activecore/designs/rtl/udm/tb/tb.sv" Line 134
UDM RD32: addr: 0x00000010, data: 0xbfc00000
UDM WR32: addr: 0x00000008, data: 0xbf800000
UDM WR32: addr: 0x0000000c, data: 0xc0200000
Stopped at time : 7635 ns : File "C:/Users/mamon/Documents/ITMO/HDL/activecore/designs/rtl/udm/tb/tb.sv" Line 139
UDM RD32: addr: 0x00000010, data: 0xc0600000
UDM WR32: addr: 0x00000008, data: 0xbecccccd
UDM WR32: addr: 0x0000000c, data: 0x3e99999a
Stopped at time : 8915 ns : File "C:/Users/mamon/Documents/ITMO/HDL/activecore/designs/rtl/udm/tb/tb.sv" Line 144
