#-----------------------------------------------------------
# Vivado v2019.1 (64-bit)
# SW Build 2552052 on Fri May 24 14:49:42 MDT 2019
# IP Build 2548770 on Fri May 24 18:01:18 MDT 2019
# Start of session at: Wed Oct  2 19:49:50 2024
# Process ID: 12488
# Current directory: C:/Users/mamon/Documents/ITMO/HDL/Hardware-Design/syn/NEXYS4_DDR
# Command line: vivado.exe -gui_launcher_event rodinguilauncherevent8756 C:\Users\mamon\Documents\ITMO\HDL\Hardware-Design\syn\NEXYS4_DDR\NEXYS4_DDR.xpr
# Log file: C:/Users/mamon/Documents/ITMO/HDL/Hardware-Design/syn/NEXYS4_DDR/vivado.log
# Journal file: C:/Users/mamon/Documents/ITMO/HDL/Hardware-Design/syn/NEXYS4_DDR\vivado.jou
#-----------------------------------------------------------
start_gui
open_project C:/Users/mamon/Documents/ITMO/HDL/Hardware-Design/syn/NEXYS4_DDR/NEXYS4_DDR.xpr
INFO: [Project 1-313] Project file moved from 'C:/ProgsData/Data/Labs/Vivado/activecore/designs/rtl/udm/syn/NEXYS4_DDR' since last save.
CRITICAL WARNING: [Project 1-311] Could not find the file 'C:/Users/mamon/Documents/ITMO/HDL/reset_sync/reset_sync.v', nor could it be found using path 'C:/ProgsData/Data/Labs/Vivado/activecore/designs/rtl/reset_sync/reset_sync.v'.
CRITICAL WARNING: [Project 1-311] Could not find the file 'C:/Users/mamon/Documents/ITMO/HDL/ram/ram_dual_memsplit.v', nor could it be found using path 'C:/ProgsData/Data/Labs/Vivado/activecore/designs/rtl/ram/ram_dual_memsplit.v'.
CRITICAL WARNING: [Project 1-311] Could not find the file 'C:/Users/mamon/Documents/ITMO/HDL/ram/ram.v', nor could it be found using path 'C:/ProgsData/Data/Labs/Vivado/activecore/designs/rtl/ram/ram.v'.
CRITICAL WARNING: [Project 1-311] Could not find the file 'C:/Users/mamon/Documents/ITMO/HDL/ram/ram_dual.v', nor could it be found using path 'C:/ProgsData/Data/Labs/Vivado/activecore/designs/rtl/ram/ram_dual.v'.
Scanning sources...
Finished scanning sources
INFO: [IP_Flow 19-234] Refreshing IP repositories
INFO: [IP_Flow 19-1704] No user IP repositories specified
INFO: [IP_Flow 19-2313] Loaded Vivado IP repository 'C:/Xilinx/Vivado/2019.1/data/ip'.
open_project: Time (s): cpu = 00:00:14 ; elapsed = 00:00:09 . Memory (MB): peak = 739.477 ; gain = 125.648
exit
INFO: [Common 17-206] Exiting Vivado at Wed Oct  2 20:01:08 2024...
